                            *** Program modal ***
             Version 2.4 Compiled Oct  8 2014
                   DATA READ FROM FILE: 

            Copyright (c) 2014 Eric Maslen, James Madison University

          rotor_model data file generated by program "rotor_mesh" using data file "rotor_v1hdamp6mod.rdf"
                   1         2         3         4         5         6         7         8         9         01234567890123456789012345678901234567890123456789012345678901234567890123456789012345678901234567890
          1234567890123456789012345678901234567890123456789012345678901234567890123456789012345678901234567890

                  ROTOR 1 LUMPED MASS CONFIGURATIONS

                 NR1 =  95 STATIONS

 STATION NO.      WEIGHT     LENGTH  SHAFT  DIA. SHAFT DIA.  POSITION
                   (LB)      (IN.)    OUTSIDE     INSIDE      (IN) 

      1           6.092       0.464     1.130     0.000         0.000
      2           0.132       0.464     1.130     0.000         0.464
      3           0.132       0.464     1.130     0.000         0.929
      4           0.132       0.464     1.130     0.000         1.393
      5           0.132       0.464     1.130     0.000         1.857
      6           0.132       0.464     1.130     0.000         2.321
      7           0.132       0.464     1.130     0.000         2.786
      8           0.444       0.375     1.130     0.000         3.250
      9           0.106       0.375     1.130     0.000         3.625
     10           0.156       0.165     2.370     0.000         4.000
     11           0.714       0.320     2.370     0.000         4.165
     12           0.400       0.320     2.370     0.000         4.485
     13           0.408       0.333     2.370     0.000         4.805
     14           0.416       0.333     2.370     0.000         5.138
     15           0.416       0.333     2.370     0.000         5.472
     16           4.191       0.492     2.370     0.000         5.805
     17           0.614       0.492     2.370     0.000         6.297
     18           0.614       0.492     2.370     0.000         6.788
     19           0.930       0.496     3.363     0.000         7.280
     20           1.246       0.496     3.363     0.000         7.776
     21           1.246       0.496     3.363     0.000         8.271
     22           1.246       0.496     3.363     0.000         8.767
     23           1.246       0.496     3.363     0.000         9.262
     24           1.246       0.496     3.363     0.000         9.758
     25           1.246       0.496     3.363     0.000        10.253
     26           1.248       0.497     3.363     0.000        10.749
     27           1.250       0.497     3.363     0.000        11.246
     28           1.250       0.497     3.363     0.000        11.744
     29          25.113       0.459     3.363     0.000        12.241
     30           1.155       0.459     3.363     0.000        12.700
     31           1.155       0.459     3.363     0.000        13.160
     32           1.155       0.459     3.363     0.000        13.619
     33           1.155       0.459     3.363     0.000        14.079
     34           1.155       0.459     3.363     0.000        14.538
     35           1.155       0.459     3.363     0.000        14.998
     36          25.065       0.459     3.363     0.000        15.457
     37           1.155       0.459     3.363     0.000        15.916
     38           1.155       0.459     3.363     0.000        16.376
     39           1.155       0.459     3.363     0.000        16.835
     40           1.155       0.459     3.363     0.000        17.294
     41           1.155       0.459     3.363     0.000        17.753
     42           1.155       0.459     3.363     0.000        18.213
     43          25.065       0.459     3.363     0.000        18.672
     44           1.155       0.459     3.363     0.000        19.131
     45           1.155       0.459     3.363     0.000        19.591
     46           1.155       0.459     3.363     0.000        20.050
     47           1.155       0.459     3.363     0.000        20.509
     48           1.155       0.459     3.363     0.000        20.968
     49           1.155       0.459     3.363     0.000        21.428
     50          25.065       0.459     3.363     0.000        21.887
     51           1.155       0.459     3.363     0.000        22.346
     52           1.155       0.459     3.363     0.000        22.806
     53           1.155       0.459     3.363     0.000        23.265
     54           1.155       0.459     3.363     0.000        23.724
     55           1.155       0.459     3.363     0.000        24.183
     56           1.155       0.459     3.363     0.000        24.643
     57          25.065       0.459     3.363     0.000        25.102
     58           1.155       0.459     3.363     0.000        25.561
     59           1.155       0.459     3.363     0.000        26.021
     60           1.155       0.459     3.363     0.000        26.480
     61           1.155       0.459     3.363     0.000        26.940
     62           1.155       0.459     3.363     0.000        27.399
     63           1.155       0.459     3.363     0.000        27.859
     64          25.101       0.488     3.363     0.000        28.318
     65           1.227       0.488     3.363     0.000        28.806
     66           1.227       0.488     3.363     0.000        29.295
     67           1.227       0.488     3.363     0.000        29.783
     68           1.180       0.451     3.363     0.000        30.271
     69           1.132       0.451     3.363     0.000        30.722
     70           1.132       0.451     3.363     0.000        31.172
     71           1.132       0.451     3.363     0.000        31.623
     72           1.132       0.451     3.363     0.000        32.073
     73           1.132       0.451     3.363     0.000        32.524
     74           0.871       0.488     2.370     0.000        32.974
     75           0.609       0.488     2.370     0.000        33.462
     76           0.609       0.488     2.370     0.000        33.949
     77           4.188       0.333     2.370     0.000        34.437
     78           0.416       0.333     2.370     0.000        34.770
     79           0.416       0.333     2.370     0.000        35.104
     80           0.261       0.266     1.502     0.673        35.437
     81           0.106       0.266     1.502     0.673        35.703
     82           0.116       0.109     2.370     0.673        35.968
     83           0.568       0.165     2.370     0.673        36.077
     84           0.161       0.333     1.502     0.673        36.242
     85           0.134       0.333     1.502     0.673        36.575
     86           0.134       0.333     1.502     0.673        36.909
     87           0.158       0.453     1.502     0.673        37.242
     88           0.182       0.453     1.502     0.673        37.695
     89           0.182       0.453     1.502     0.673        38.148
     90           0.182       0.453     1.502     0.673        38.601
     91           0.182       0.453     1.502     0.673        39.054
     92           0.182       0.453     1.502     0.673        39.507
     93           0.182       0.453     1.502     0.673        39.960
     94           6.053       0.342     1.502     0.673        40.413
     95           0.069       0.000     1.502     0.673        40.755
                ---------  ---------
                239.109      40.755


 CENTER OF GRAVITY: 20.2089 INCHES

 STATION NO.   I      IP-POLAR MOM. IT-TRANS. MOM.  E*10-6
            (IN**4)    (LB-IN**2)   (LB-IN**2)

      1       0.08      18.336       9.863          28.600
      2       0.08       0.021       0.013          28.600
      3       0.08       0.021       0.013          28.600
      4       0.08       0.021       0.013          28.600
      5       0.08       0.021       0.013          28.600
      6       0.08       0.021       0.013          28.600
      7       0.08       0.021       0.013          28.600
      8       0.08       0.162       0.144          28.600
      9       0.08       0.017       0.010          28.600
     10       1.55       0.081       0.041          28.600
     11       1.55       1.078       0.545          28.600
     12       1.55       0.280       0.144          28.600
     13       1.55       0.286       0.147          28.600
     14       1.55       0.292       0.150          28.600
     15       1.55       0.292       0.150          28.600
     16       1.55       8.098       6.723          28.600
     17       1.55       0.431       0.228          28.600
     18       1.55       0.431       0.228          28.600
     19       6.28       1.096       0.567          28.600
     20       6.28       1.761       0.906          28.600
     21       6.28       1.761       0.906          28.600
     22       6.28       1.761       0.906          28.600
     23       6.28       1.761       0.906          28.600
     24       6.28       1.761       0.906          28.600
     25       6.28       1.761       0.906          28.600
     26       6.28       1.764       0.908          28.600
     27       6.28       1.767       0.909          28.600
     28       6.28       1.767       0.909          28.600
     29       6.28     169.307     105.271          28.600
     30       6.28       1.633       0.837          28.600
     31       6.28       1.633       0.837          28.600
     32       6.28       1.633       0.837          28.600
     33       6.28       1.633       0.837          28.600
     34       6.28       1.633       0.837          28.600
     35       6.28       1.633       0.837          28.600
     36       6.28     169.239     105.235          28.600
     37       6.28       1.632       0.836          28.600
     38       6.28       1.632       0.836          28.600
     39       6.28       1.632       0.836          28.600
     40       6.28       1.632       0.836          28.600
     41       6.28       1.632       0.836          28.600
     42       6.28       1.632       0.836          28.600
     43       6.28     169.239     105.234          28.600
     44       6.28       1.632       0.836          28.600
     45       6.28       1.632       0.836          28.600
     46       6.28       1.632       0.836          28.600
     47       6.28       1.632       0.836          28.600
     48       6.28       1.632       0.836          28.600
     49       6.28       1.632       0.836          28.600
     50       6.28     169.239     105.234          28.600
     51       6.28       1.632       0.836          28.600
     52       6.28       1.632       0.836          28.600
     53       6.28       1.632       0.836          28.600
     54       6.28       1.632       0.836          28.600
     55       6.28       1.632       0.836          28.600
     56       6.28       1.632       0.836          28.600
     57       6.28     169.239     105.235          28.600
     58       6.28       1.633       0.837          28.600
     59       6.28       1.633       0.837          28.600
     60       6.28       1.633       0.837          28.600
     61       6.28       1.633       0.837          28.600
     62       6.28       1.633       0.837          28.600
     63       6.28       1.633       0.837          28.600
     64       6.28     169.291     105.262          28.600
     65       6.28       1.735       0.892          28.600
     66       6.28       1.735       0.892          28.600
     67       6.28       1.735       0.892          28.600
     68       6.28       1.668       0.856          28.600
     69       6.28       1.601       0.820          28.600
     70       6.28       1.601       0.820          28.600
     71       6.28       1.601       0.820          28.600
     72       6.28       1.601       0.820          28.600
     73       6.28       1.601       0.820          28.600
     74       1.55       1.014       0.523          28.600
     75       1.55       0.427       0.226          28.600
     76       1.55       0.427       0.226          28.600
     77       1.55       8.097       6.722          28.600
     78       1.55       0.292       0.150          28.600
     79       1.55       0.292       0.150          28.600
     80       0.24       0.164       0.084          28.600
     81       0.24       0.036       0.019          28.600
     82       1.54       0.065       0.033          28.600
     83       1.54       0.985       0.496          28.600
     84       0.24       0.094       0.048          28.600
     85       0.24       0.045       0.024          28.600
     86       0.24       0.045       0.024          28.600
     87       0.24       0.053       0.029          28.600
     88       0.24       0.061       0.034          28.600
     89       0.24       0.061       0.034          28.600
     90       0.24       0.061       0.034          28.600
     91       0.24       0.061       0.034          28.600
     92       0.24       0.061       0.034          28.600
     93       0.24       0.061       0.034          28.600
     94       0.24      31.940      16.202          28.600
     95       0.00       0.023       0.012          28.600

   Input Configuration

  Input   Station  type          ID
  number  number
      1     1      translational "impeller1"
      2     8      translational "left_tdb"
      3    16      translational "left_journal"
      4    29      translational "motor_disk_1"
      5    36      translational "motor_disk_2"
      6    43      translational "motor_disk_3"
      7    50      translational "motor_disk_4"
      8    57      translational "motor_disk_5"
      9    64      translational "motor_disk_6"
     10    77      translational "right_journal"
     11    87      translational "right_tdb"
     12    94      translational "thrust_disk"

   Output Configuration

  Output  Station  type          ID
  number  number
      1     1      translational "impeller1"
      2     8      translational "left_tdb"
      3    13      translational "left_sensor"
      4    16      translational "left_journal"
      5    29      translational "motor_disk_1"
      6    36      translational "motor_disk_2"
      7    43      translational "motor_disk_3"
      8    50      translational "motor_disk_4"
      9    57      translational "motor_disk_5"
     10    64      translational "motor_disk_6"
     11    77      translational "right_journal"
     12    80      translational "right_sensor"
     13    87      translational "right_tdb"
     14    94      translational "thrust_disk"

                NROTA1 = -1      NGYR1 = -3      NSHE1 =  2

   Assumed modal damping = 0.1 %




                 RESONANCE = 0.0000  CPM


                 NORMALIZED DEFLECTIONS AT MASS STATIONS ARE
                          POSITION      DEFLECTION

                             0.000           1.000
                             0.464           1.000
                             0.929           1.000
                             1.393           1.000
                             1.857           1.000
                             2.321           1.000
                             2.786           1.000
                             3.250           1.000
                             3.625           1.000
                             4.000           1.000
                             4.165           1.000
                             4.485           1.000
                             4.805           1.000
                             5.138           1.000
                             5.472           1.000
                             5.805           1.000
                             6.297           1.000
                             6.788           1.000
                             7.280           1.000
                             7.776           1.000
                             8.271           1.000
                             8.767           1.000
                             9.262           1.000
                             9.758           1.000
                            10.253           1.000
                            10.749           1.000
                            11.246           1.000
                            11.744           1.000
                            12.241           1.000
                            12.700           1.000
                            13.160           1.000
                            13.619           1.000
                            14.079           1.000
                            14.538           1.000
                            14.998           1.000
                            15.457           1.000
                            15.916           1.000
                            16.376           1.000
                            16.835           1.000
                            17.294           1.000
                            17.753           1.000
                            18.213           1.000
                            18.672           1.000
                            19.131           1.000
                            19.591           1.000
                            20.050           1.000
                            20.509           1.000
                            20.968           1.000
                            21.428           1.000
                            21.887           1.000
                            22.346           1.000
                            22.806           1.000
                            23.265           1.000
                            23.724           1.000
                            24.183           1.000
                            24.643           1.000
                            25.102           1.000
                            25.561           1.000
                            26.021           1.000
                            26.480           1.000
                            26.940           1.000
                            27.399           1.000
                            27.859           1.000
                            28.318           1.000
                            28.806           1.000
                            29.295           1.000
                            29.783           1.000
                            30.271           1.000
                            30.722           1.000
                            31.172           1.000
                            31.623           1.000
                            32.073           1.000
                            32.524           1.000
                            32.974           1.000
                            33.462           1.000
                            33.949           1.000
                            34.437           1.000
                            34.770           1.000
                            35.104           1.000
                            35.437           1.000
                            35.703           1.000
                            35.968           1.000
                            36.077           1.000
                            36.242           1.000
                            36.575           1.000
                            36.909           1.000
                            37.242           1.000
                            37.695           1.000
                            38.148           1.000
                            38.601           1.000
                            39.054           1.000
                            39.507           1.000
                            39.960           1.000
                            40.413           1.000
                            40.755           1.000




                 RESONANCE = 0.0000  CPM


                 NORMALIZED DEFLECTIONS AT MASS STATIONS ARE
                          POSITION      DEFLECTION

                             0.000          -0.984
                             0.464          -0.961
                             0.929          -0.938
                             1.393          -0.916
                             1.857          -0.893
                             2.321          -0.871
                             2.786          -0.848
                             3.250          -0.825
                             3.625          -0.807
                             4.000          -0.789
                             4.165          -0.781
                             4.485          -0.765
                             4.805          -0.750
                             5.138          -0.733
                             5.472          -0.717
                             5.805          -0.701
                             6.297          -0.677
                             6.788          -0.653
                             7.280          -0.629
                             7.776          -0.605
                             8.271          -0.581
                             8.767          -0.557
                             9.262          -0.533
                             9.758          -0.509
                            10.253          -0.485
                            10.749          -0.460
                            11.246          -0.436
                            11.744          -0.412
                            12.241          -0.388
                            12.700          -0.365
                            13.160          -0.343
                            13.619          -0.321
                            14.079          -0.298
                            14.538          -0.276
                            14.998          -0.254
                            15.457          -0.231
                            15.916          -0.209
                            16.376          -0.187
                            16.835          -0.164
                            17.294          -0.142
                            17.753          -0.120
                            18.213          -0.097
                            18.672          -0.075
                            19.131          -0.052
                            19.591          -0.030
                            20.050          -0.008
                            20.509           0.015
                            20.968           0.037
                            21.428           0.059
                            21.887           0.082
                            22.346           0.104
                            22.806           0.126
                            23.265           0.149
                            23.724           0.171
                            24.183           0.193
                            24.643           0.216
                            25.102           0.238
                            25.561           0.261
                            26.021           0.283
                            26.480           0.305
                            26.940           0.328
                            27.399           0.350
                            27.859           0.372
                            28.318           0.395
                            28.806           0.418
                            29.295           0.442
                            29.783           0.466
                            30.271           0.490
                            30.722           0.512
                            31.172           0.534
                            31.623           0.556
                            32.073           0.577
                            32.524           0.599
                            32.974           0.621
                            33.462           0.645
                            33.949           0.669
                            34.437           0.692
                            34.770           0.709
                            35.104           0.725
                            35.437           0.741
                            35.703           0.754
                            35.968           0.767
                            36.077           0.772
                            36.242           0.780
                            36.575           0.797
                            36.909           0.813
                            37.242           0.829
                            37.695           0.851
                            38.148           0.873
                            38.601           0.895
                            39.054           0.917
                            39.507           0.939
                            39.960           0.961
                            40.413           0.983
                            40.755           1.000




                 RESONANCE = 14328.6464  CPM


                 NORMALIZED DEFLECTIONS AT MASS STATIONS ARE
                          POSITION      DEFLECTION

                             0.000           1.000
                             0.464           0.900
                             0.929           0.803
                             1.393           0.710
                             1.857           0.623
                             2.321           0.543
                             2.786           0.473
                             3.250           0.413
                             3.625           0.374
                             4.000           0.345
                             4.165           0.334
                             4.485           0.314
                             4.805           0.295
                             5.138           0.275
                             5.472           0.255
                             5.805           0.237
                             6.297           0.210
                             6.788           0.185
                             7.280           0.161
                             7.776           0.139
                             8.271           0.117
                             8.767           0.095
                             9.262           0.074
                             9.758           0.054
                            10.253           0.034
                            10.749           0.015
                            11.246          -0.003
                            11.744          -0.021
                            12.241          -0.038
                            12.700          -0.053
                            13.160          -0.067
                            13.619          -0.080
                            14.079          -0.092
                            14.538          -0.104
                            14.998          -0.115
                            15.457          -0.125
                            15.916          -0.134
                            16.376          -0.142
                            16.835          -0.149
                            17.294          -0.155
                            17.753          -0.160
                            18.213          -0.164
                            18.672          -0.167
                            19.131          -0.169
                            19.591          -0.170
                            20.050          -0.170
                            20.509          -0.168
                            20.968          -0.166
                            21.428          -0.163
                            21.887          -0.159
                            22.346          -0.153
                            22.806          -0.147
                            23.265          -0.140
                            23.724          -0.131
                            24.183          -0.122
                            24.643          -0.112
                            25.102          -0.101
                            25.561          -0.089
                            26.021          -0.076
                            26.480          -0.063
                            26.940          -0.048
                            27.399          -0.033
                            27.859          -0.017
                            28.318          -0.001
                            28.806           0.017
                            29.295           0.036
                            29.783           0.056
                            30.271           0.076
                            30.722           0.095
                            31.172           0.114
                            31.623           0.134
                            32.073           0.155
                            32.524           0.175
                            32.974           0.196
                            33.462           0.220
                            33.949           0.245
                            34.437           0.272
                            34.770           0.291
                            35.104           0.310
                            35.437           0.330
                            35.703           0.348
                            35.968           0.367
                            36.077           0.375
                            36.242           0.387
                            36.575           0.414
                            36.909           0.443
                            37.242           0.474
                            37.695           0.519
                            38.148           0.566
                            38.601           0.616
                            39.054           0.669
                            39.507           0.722
                            39.960           0.777
                            40.413           0.833
                            40.755           0.874




                 RESONANCE = 22486.0174  CPM


                 NORMALIZED DEFLECTIONS AT MASS STATIONS ARE
                          POSITION      DEFLECTION

                             0.000           0.910
                             0.464           0.713
                             0.929           0.524
                             1.393           0.349
                             1.857           0.190
                             2.321           0.050
                             2.786          -0.066
                             3.250          -0.154
                             3.625          -0.204
                             4.000          -0.231
                             4.165          -0.236
                             4.485          -0.247
                             4.805          -0.256
                             5.138          -0.265
                             5.472          -0.272
                             5.805          -0.278
                             6.297          -0.284
                             6.788          -0.288
                             7.280          -0.288
                             7.776          -0.286
                             8.271          -0.282
                             8.767          -0.278
                             9.262          -0.273
                             9.758          -0.267
                            10.253          -0.260
                            10.749          -0.252
                            11.246          -0.243
                            11.744          -0.233
                            12.241          -0.222
                            12.700          -0.211
                            13.160          -0.198
                            13.619          -0.185
                            14.079          -0.172
                            14.538          -0.157
                            14.998          -0.142
                            15.457          -0.127
                            15.916          -0.110
                            16.376          -0.094
                            16.835          -0.077
                            17.294          -0.060
                            17.753          -0.043
                            18.213          -0.025
                            18.672          -0.008
                            19.131           0.009
                            19.591           0.026
                            20.050           0.043
                            20.509           0.059
                            20.968           0.074
                            21.428           0.089
                            21.887           0.104
                            22.346           0.117
                            22.806           0.130
                            23.265           0.141
                            23.724           0.152
                            24.183           0.162
                            24.643           0.170
                            25.102           0.178
                            25.561           0.184
                            26.021           0.188
                            26.480           0.192
                            26.940           0.194
                            27.399           0.195
                            27.859           0.195
                            28.318           0.193
                            28.806           0.190
                            29.295           0.185
                            29.783           0.179
                            30.271           0.172
                            30.722           0.164
                            31.172           0.155
                            31.623           0.145
                            32.073           0.134
                            32.524           0.122
                            32.974           0.109
                            33.462           0.093
                            33.949           0.072
                            34.437           0.049
                            34.770           0.031
                            35.104           0.011
                            35.437          -0.010
                            35.703          -0.031
                            35.968          -0.057
                            36.077          -0.068
                            36.242          -0.085
                            36.575          -0.125
                            36.909          -0.171
                            37.242          -0.223
                            37.695          -0.303
                            38.148          -0.390
                            38.601          -0.486
                            39.054          -0.587
                            39.507          -0.693
                            39.960          -0.804
                            40.413          -0.917
                            40.755          -1.000




                 RESONANCE = 34601.1161  CPM


                 NORMALIZED DEFLECTIONS AT MASS STATIONS ARE
                          POSITION      DEFLECTION

                             0.000           0.458
                             0.464           0.172
                             0.929          -0.091
                             1.393          -0.325
                             1.857          -0.526
                             2.321          -0.691
                             2.786          -0.815
                             3.250          -0.894
                             3.625          -0.923
                             4.000          -0.919
                             4.165          -0.908
                             4.485          -0.887
                             4.805          -0.863
                             5.138          -0.838
                             5.472          -0.811
                             5.805          -0.782
                             6.297          -0.735
                             6.788          -0.686
                             7.280          -0.634
                             7.776          -0.581
                             8.271          -0.527
                             8.767          -0.473
                             9.262          -0.419
                             9.758          -0.365
                            10.253          -0.310
                            10.749          -0.257
                            11.246          -0.203
                            11.744          -0.150
                            12.241          -0.099
                            12.700          -0.052
                            13.160          -0.006
                            13.619           0.037
                            14.079           0.078
                            14.538           0.117
                            14.998           0.153
                            15.457           0.187
                            15.916           0.217
                            16.376           0.243
                            16.835           0.266
                            17.294           0.285
                            17.753           0.300
                            18.213           0.312
                            18.672           0.319
                            19.131           0.321
                            19.591           0.320
                            20.050           0.314
                            20.509           0.304
                            20.968           0.291
                            21.428           0.274
                            21.887           0.253
                            22.346           0.228
                            22.806           0.200
                            23.265           0.169
                            23.724           0.136
                            24.183           0.100
                            24.643           0.062
                            25.102           0.023
                            25.561          -0.019
                            26.021          -0.061
                            26.480          -0.104
                            26.940          -0.147
                            27.399          -0.191
                            27.859          -0.234
                            28.318          -0.278
                            28.806          -0.322
                            29.295          -0.365
                            29.783          -0.406
                            30.271          -0.446
                            30.722          -0.482
                            31.172          -0.517
                            31.623          -0.550
                            32.073          -0.581
                            32.524          -0.611
                            32.974          -0.639
                            33.462          -0.666
                            33.949          -0.685
                            34.437          -0.698
                            34.770          -0.701
                            35.104          -0.702
                            35.437          -0.699
                            35.703          -0.687
                            35.968          -0.664
                            36.077          -0.653
                            36.242          -0.636
                            36.575          -0.589
                            36.909          -0.526
                            37.242          -0.449
                            37.695          -0.322
                            38.148          -0.172
                            38.601          -0.002
                            39.054           0.186
                            39.507           0.389
                            39.960           0.605
                            40.413           0.831
                            40.755           1.000




                 RESONANCE = 56270.3175  CPM


                 NORMALIZED DEFLECTIONS AT MASS STATIONS ARE
                          POSITION      DEFLECTION

                             0.000           0.076
                             0.464           0.360
                             0.929           0.589
                             1.393           0.766
                             1.857           0.891
                             2.321           0.968
                             2.786           1.000
                             3.250           0.990
                             3.625           0.954
                             4.000           0.896
                             4.165           0.869
                             4.485           0.814
                             4.805           0.759
                             5.138           0.701
                             5.472           0.643
                             5.805           0.585
                             6.297           0.498
                             6.788           0.414
                             7.280           0.334
                             7.776           0.261
                             8.271           0.189
                             8.767           0.120
                             9.262           0.053
                             9.758          -0.010
                            10.253          -0.069
                            10.749          -0.123
                            11.246          -0.173
                            11.744          -0.218
                            12.241          -0.257
                            12.700          -0.283
                            13.160          -0.304
                            13.619          -0.318
                            14.079          -0.327
                            14.538          -0.328
                            14.998          -0.324
                            15.457          -0.314
                            15.916          -0.294
                            16.376          -0.270
                            16.835          -0.240
                            17.294          -0.206
                            17.753          -0.169
                            18.213          -0.128
                            18.672          -0.085
                            19.131          -0.040
                            19.591           0.006
                            20.050           0.052
                            20.509           0.097
                            20.968           0.140
                            21.428           0.180
                            21.887           0.218
                            22.346           0.250
                            22.806           0.276
                            23.265           0.298
                            23.724           0.314
                            24.183           0.325
                            24.643           0.329
                            25.102           0.327
                            25.561           0.315
                            26.021           0.297
                            26.480           0.273
                            26.940           0.243
                            27.399           0.207
                            27.859           0.166
                            28.318           0.120
                            28.806           0.065
                            29.295           0.006
                            29.783          -0.056
                            30.271          -0.120
                            30.722          -0.182
                            31.172          -0.245
                            31.623          -0.310
                            32.073          -0.375
                            32.524          -0.440
                            32.974          -0.506
                            33.462          -0.579
                            33.949          -0.650
                            34.437          -0.719
                            34.770          -0.762
                            35.104          -0.802
                            35.437          -0.840
                            35.703          -0.866
                            35.968          -0.882
                            36.077          -0.886
                            36.242          -0.892
                            36.575          -0.895
                            36.909          -0.882
                            37.242          -0.853
                            37.695          -0.790
                            38.148          -0.699
                            38.601          -0.580
                            39.054          -0.435
                            39.507          -0.265
                            39.960          -0.071
                            40.413           0.146
                            40.755           0.315
